<?xml version="1.0" encoding="UTF-8"?>
<coverage generated="1608179759214" clover="3.2.0">
  <project timestamp="1608179759214" name="All files">
    <metrics statements="39" coveredstatements="21" conditionals="10" coveredconditionals="2" methods="16" coveredmethods="4" elements="65" coveredelements="27" complexity="0" loc="39" ncloc="39" packages="2" files="5" classes="5"/>
    <package name="src">
      <metrics statements="33" coveredstatements="16" conditionals="6" coveredconditionals="0" methods="12" coveredmethods="1"/>
      <file name="App.js" path="C:\Users\pmahe\Desktop\CovidTracker\frontend\my-app\src\App.js">
        <metrics statements="32" coveredstatements="16" conditionals="6" coveredconditionals="0" methods="12" coveredmethods="1"/>
        <line num="12" count="1" type="stmt"/>
        <line num="13" count="1" type="stmt"/>
        <line num="14" count="1" type="stmt"/>
        <line num="15" count="1" type="stmt"/>
        <line num="16" count="1" type="stmt"/>
        <line num="20" count="1" type="stmt"/>
        <line num="21" count="1" type="stmt"/>
        <line num="22" count="1" type="stmt"/>
        <line num="23" count="1" type="stmt"/>
        <line num="24" count="1" type="stmt"/>
        <line num="25" count="1" type="stmt"/>
        <line num="26" count="1" type="stmt"/>
        <line num="27" count="1" type="stmt"/>
        <line num="28" count="1" type="stmt"/>
        <line num="34" count="0" type="cond" truecount="0" falsecount="4"/>
        <line num="35" count="0" type="stmt"/>
        <line num="36" count="0" type="stmt"/>
        <line num="38" count="0" type="cond" truecount="0" falsecount="2"/>
        <line num="39" count="0" type="stmt"/>
        <line num="40" count="0" type="stmt"/>
        <line num="46" count="1" type="stmt"/>
        <line num="47" count="0" type="stmt"/>
        <line num="48" count="0" type="stmt"/>
        <line num="49" count="0" type="stmt"/>
        <line num="50" count="0" type="stmt"/>
        <line num="51" count="0" type="stmt"/>
        <line num="52" count="0" type="stmt"/>
        <line num="53" count="0" type="stmt"/>
        <line num="55" count="0" type="stmt"/>
        <line num="59" count="1" type="stmt"/>
        <line num="66" count="0" type="stmt"/>
        <line num="69" count="0" type="stmt"/>
      </file>
      <file name="setup.js" path="C:\Users\pmahe\Desktop\CovidTracker\frontend\my-app\src\setup.js">
        <metrics statements="1" coveredstatements="0" conditionals="0" coveredconditionals="0" methods="0" coveredmethods="0"/>
        <line num="4" count="0" type="stmt"/>
      </file>
    </package>
    <package name="src.Components">
      <metrics statements="6" coveredstatements="5" conditionals="4" coveredconditionals="2" methods="4" coveredmethods="3"/>
      <file name="Bar.js" path="C:\Users\pmahe\Desktop\CovidTracker\frontend\my-app\src\Components\Bar.js">
        <metrics statements="2" coveredstatements="2" conditionals="0" coveredconditionals="0" methods="1" coveredmethods="1"/>
        <line num="4" count="3" type="stmt"/>
        <line num="5" count="2" type="stmt"/>
      </file>
      <file name="Line.js" path="C:\Users\pmahe\Desktop\CovidTracker\frontend\my-app\src\Components\Line.js">
        <metrics statements="1" coveredstatements="0" conditionals="0" coveredconditionals="0" methods="1" coveredmethods="0"/>
        <line num="5" count="0" type="stmt"/>
      </file>
      <file name="Row.js" path="C:\Users\pmahe\Desktop\CovidTracker\frontend\my-app\src\Components\Row.js">
        <metrics statements="3" coveredstatements="3" conditionals="4" coveredconditionals="2" methods="2" coveredmethods="2"/>
        <line num="5" count="1" type="stmt"/>
        <line num="6" count="1" type="stmt"/>
        <line num="21" count="1" type="stmt"/>
      </file>
    </package>
  </project>
</coverage>
