{"C:\\Users\\pmahe\\Desktop\\CovidTracker\\frontend\\my-app\\src\\App.js": {"path":"C:\\Users\\pmahe\\Desktop\\CovidTracker\\frontend\\my-app\\src\\App.js","statementMap":{"0":{"start":{"line":12,"column":26},"end":{"line":12,"column":38}},"1":{"start":{"line":13,"column":36},"end":{"line":13,"column":48}},"2":{"start":{"line":14,"column":40},"end":{"line":14,"column":52}},"3":{"start":{"line":15,"column":33},"end":{"line":15,"column":63}},"4":{"start":{"line":16,"column":28},"end":{"line":16,"column":40}},"5":{"start":{"line":20,"column":15},"end":{"line":20,"column":44}},"6":{"start":{"line":20,"column":32},"end":{"line":20,"column":43}},"7":{"start":{"line":21,"column":2},"end":{"line":21,"column":31}},"8":{"start":{"line":22,"column":16},"end":{"line":22,"column":46}},"9":{"start":{"line":22,"column":33},"end":{"line":22,"column":45}},"10":{"start":{"line":23,"column":2},"end":{"line":23,"column":32}},"11":{"start":{"line":24,"column":18},"end":{"line":24,"column":50}},"12":{"start":{"line":24,"column":35},"end":{"line":24,"column":49}},"13":{"start":{"line":25,"column":2},"end":{"line":25,"column":37}},"14":{"start":{"line":26,"column":25},"end":{"line":26,"column":64}},"15":{"start":{"line":26,"column":43},"end":{"line":26,"column":62}},"16":{"start":{"line":27,"column":25},"end":{"line":27,"column":71}},"17":{"start":{"line":27,"column":43},"end":{"line":27,"column":70}},"18":{"start":{"line":28,"column":15},"end":{"line":28,"column":43}},"19":{"start":{"line":28,"column":33},"end":{"line":28,"column":42}},"20":{"start":{"line":34,"column":2},"end":{"line":41,"column":2}},"21":{"start":{"line":35,"column":2},"end":{"line":35,"column":21}},"22":{"start":{"line":36,"column":2},"end":{"line":36,"column":37}},"23":{"start":{"line":38,"column":7},"end":{"line":41,"column":2}},"24":{"start":{"line":39,"column":2},"end":{"line":39,"column":23}},"25":{"start":{"line":40,"column":2},"end":{"line":40,"column":35}},"26":{"start":{"line":46,"column":0},"end":{"line":56,"column":5}},"27":{"start":{"line":47,"column":21},"end":{"line":54,"column":5}},"28":{"start":{"line":48,"column":19},"end":{"line":48,"column":59}},"29":{"start":{"line":49,"column":19},"end":{"line":49,"column":69}},"30":{"start":{"line":50,"column":6},"end":{"line":50,"column":40}},"31":{"start":{"line":51,"column":6},"end":{"line":51,"column":25}},"32":{"start":{"line":52,"column":6},"end":{"line":52,"column":32}},"33":{"start":{"line":53,"column":6},"end":{"line":53,"column":44}},"34":{"start":{"line":55,"column":4},"end":{"line":55,"column":17}},"35":{"start":{"line":59,"column":2},"end":{"line":81,"column":4}},"36":{"start":{"line":66,"column":49},"end":{"line":66,"column":62}},"37":{"start":{"line":69,"column":49},"end":{"line":69,"column":62}}},"fnMap":{"0":{"name":"App","decl":{"start":{"line":11,"column":9},"end":{"line":11,"column":12}},"loc":{"start":{"line":11,"column":15},"end":{"line":82,"column":1}},"line":11},"1":{"name":"(anonymous_1)","decl":{"start":{"line":20,"column":24},"end":{"line":20,"column":25}},"loc":{"start":{"line":20,"column":32},"end":{"line":20,"column":43}},"line":20},"2":{"name":"(anonymous_2)","decl":{"start":{"line":22,"column":25},"end":{"line":22,"column":26}},"loc":{"start":{"line":22,"column":33},"end":{"line":22,"column":45}},"line":22},"3":{"name":"(anonymous_3)","decl":{"start":{"line":24,"column":27},"end":{"line":24,"column":28}},"loc":{"start":{"line":24,"column":35},"end":{"line":24,"column":49}},"line":24},"4":{"name":"(anonymous_4)","decl":{"start":{"line":26,"column":35},"end":{"line":26,"column":36}},"loc":{"start":{"line":26,"column":43},"end":{"line":26,"column":62}},"line":26},"5":{"name":"(anonymous_5)","decl":{"start":{"line":27,"column":35},"end":{"line":27,"column":36}},"loc":{"start":{"line":27,"column":43},"end":{"line":27,"column":70}},"line":27},"6":{"name":"(anonymous_6)","decl":{"start":{"line":28,"column":25},"end":{"line":28,"column":26}},"loc":{"start":{"line":28,"column":33},"end":{"line":28,"column":42}},"line":28},"7":{"name":"handleView","decl":{"start":{"line":33,"column":9},"end":{"line":33,"column":19}},"loc":{"start":{"line":33,"column":22},"end":{"line":42,"column":1}},"line":33},"8":{"name":"(anonymous_8)","decl":{"start":{"line":46,"column":10},"end":{"line":46,"column":11}},"loc":{"start":{"line":46,"column":14},"end":{"line":56,"column":1}},"line":46},"9":{"name":"(anonymous_9)","decl":{"start":{"line":47,"column":21},"end":{"line":47,"column":22}},"loc":{"start":{"line":47,"column":33},"end":{"line":54,"column":5}},"line":47},"10":{"name":"(anonymous_10)","decl":{"start":{"line":66,"column":44},"end":{"line":66,"column":45}},"loc":{"start":{"line":66,"column":49},"end":{"line":66,"column":62}},"line":66},"11":{"name":"(anonymous_11)","decl":{"start":{"line":69,"column":44},"end":{"line":69,"column":45}},"loc":{"start":{"line":69,"column":49},"end":{"line":69,"column":62}},"line":69}},"branchMap":{"0":{"loc":{"start":{"line":34,"column":2},"end":{"line":41,"column":2}},"type":"if","locations":[{"start":{"line":34,"column":2},"end":{"line":41,"column":2}},{"start":{"line":34,"column":2},"end":{"line":41,"column":2}}],"line":34},"1":{"loc":{"start":{"line":34,"column":5},"end":{"line":34,"column":30}},"type":"binary-expr","locations":[{"start":{"line":34,"column":5},"end":{"line":34,"column":23}},{"start":{"line":34,"column":25},"end":{"line":34,"column":30}}],"line":34},"2":{"loc":{"start":{"line":38,"column":7},"end":{"line":41,"column":2}},"type":"if","locations":[{"start":{"line":38,"column":7},"end":{"line":41,"column":2}},{"start":{"line":38,"column":7},"end":{"line":41,"column":2}}],"line":38}},"s":{"0":1,"1":1,"2":1,"3":1,"4":1,"5":1,"6":0,"7":1,"8":1,"9":0,"10":1,"11":1,"12":0,"13":1,"14":1,"15":0,"16":1,"17":0,"18":1,"19":0,"20":0,"21":0,"22":0,"23":0,"24":0,"25":0,"26":1,"27":0,"28":0,"29":0,"30":0,"31":0,"32":0,"33":0,"34":0,"35":1,"36":0,"37":0},"f":{"0":1,"1":0,"2":0,"3":0,"4":0,"5":0,"6":0,"7":0,"8":0,"9":0,"10":0,"11":0},"b":{"0":[0,0],"1":[0,0],"2":[0,0]},"_coverageSchema":"1a1c01bbd47fc00a2c39e90264f33305004495a9","hash":"bf6c9ed8f9d8a3ec05ab1f6509a351aa7a37682f"}
,"C:\\Users\\pmahe\\Desktop\\CovidTracker\\frontend\\my-app\\src\\setup.js": {"path":"C:\\Users\\pmahe\\Desktop\\CovidTracker\\frontend\\my-app\\src\\setup.js","statementMap":{"0":{"start":{"line":4,"column":0},"end":{"line":4,"column":37}}},"fnMap":{},"branchMap":{},"s":{"0":0},"f":{},"b":{}}
,"C:\\Users\\pmahe\\Desktop\\CovidTracker\\frontend\\my-app\\src\\Components\\Bar.js": {"path":"C:\\Users\\pmahe\\Desktop\\CovidTracker\\frontend\\my-app\\src\\Components\\Bar.js","statementMap":{"0":{"start":{"line":4,"column":17},"end":{"line":35,"column":1}},"1":{"start":{"line":5,"column":1},"end":{"line":34,"column":3}}},"fnMap":{"0":{"name":"(anonymous_0)","decl":{"start":{"line":4,"column":17},"end":{"line":4,"column":18}},"loc":{"start":{"line":4,"column":51},"end":{"line":35,"column":1}},"line":4}},"branchMap":{},"s":{"0":3,"1":2},"f":{"0":2},"b":{},"_coverageSchema":"1a1c01bbd47fc00a2c39e90264f33305004495a9","hash":"5eb6890f49e52125206345dd3b1bfd5d25a2f661"}
,"C:\\Users\\pmahe\\Desktop\\CovidTracker\\frontend\\my-app\\src\\Components\\Line.js": {"path":"C:\\Users\\pmahe\\Desktop\\CovidTracker\\frontend\\my-app\\src\\Components\\Line.js","statementMap":{"0":{"start":{"line":5,"column":1},"end":{"line":36,"column":3}}},"fnMap":{"0":{"name":"LineGraph","decl":{"start":{"line":4,"column":9},"end":{"line":4,"column":18}},"loc":{"start":{"line":4,"column":56},"end":{"line":37,"column":1}},"line":4}},"branchMap":{},"s":{"0":0},"f":{"0":0},"b":{},"_coverageSchema":"1a1c01bbd47fc00a2c39e90264f33305004495a9","hash":"c9ae7619c297e30b4d081609937d0b629adf489a"}
,"C:\\Users\\pmahe\\Desktop\\CovidTracker\\frontend\\my-app\\src\\Components\\Row.js": {"path":"C:\\Users\\pmahe\\Desktop\\CovidTracker\\frontend\\my-app\\src\\Components\\Row.js","statementMap":{"0":{"start":{"line":5,"column":12},"end":{"line":5,"column":22}},"1":{"start":{"line":6,"column":1},"end":{"line":29,"column":3}},"2":{"start":{"line":21,"column":25},"end":{"line":27,"column":14}}},"fnMap":{"0":{"name":"Row","decl":{"start":{"line":4,"column":9},"end":{"line":4,"column":12}},"loc":{"start":{"line":4,"column":29},"end":{"line":30,"column":1}},"line":4},"1":{"name":"(anonymous_1)","decl":{"start":{"line":21,"column":12},"end":{"line":21,"column":13}},"loc":{"start":{"line":21,"column":25},"end":{"line":27,"column":14}},"line":21}},"branchMap":{"0":{"loc":{"start":{"line":23,"column":13},"end":{"line":23,"column":59}},"type":"cond-expr","locations":[{"start":{"line":23,"column":36},"end":{"line":23,"column":48}},{"start":{"line":23,"column":49},"end":{"line":23,"column":59}}],"line":23},"1":{"loc":{"start":{"line":24,"column":13},"end":{"line":24,"column":61}},"type":"cond-expr","locations":[{"start":{"line":24,"column":36},"end":{"line":24,"column":46}},{"start":{"line":24,"column":47},"end":{"line":24,"column":61}}],"line":24}},"s":{"0":1,"1":1,"2":1},"f":{"0":1,"1":1},"b":{"0":[1,0],"1":[1,0]},"_coverageSchema":"1a1c01bbd47fc00a2c39e90264f33305004495a9","hash":"c81e23dc81398bd858dc2adbb0c92aa54ab919c3"}
}
